app/build/intermediates/manifest_merge_blame_file/debug/manifest-merger-blame-debug-report.txt
1<?xml version="1.0" encoding="utf-8"?>
2<manifest xmlns:android="http://schemas.android.com/apk/res/android"
3    package="com.rfpiscinas.serviceorder"
4    android:versionCode="1"
5    android:versionName="1.0.0" >
6
7    <uses-sdk
8        android:minSdkVersion="26"
9        android:targetSdkVersion="34" />
10
11    <uses-permission android:name="android.permission.INTERNET" />
11-->src\main\AndroidManifest.xml:4:5-67
11-->src\main\AndroidManifest.xml:4:22-64
12    <uses-permission android:name="android.permission.ACCESS_NETWORK_STATE" />
12-->src\main\AndroidManifest.xml:5:5-79
12-->src\main\AndroidManifest.xml:5:22-76
13
14    <permission
14-->[androidx.core:core:1.12.0] AndroidManifest.xml:22:5-24:47
15        android:name="com.rfpiscinas.serviceorder.DYNAMIC_RECEIVER_NOT_EXPORTED_PERMISSION"
15-->[androidx.core:core:1.12.0] AndroidManifest.xml:23:9-81
16        android:protectionLevel="signature" />
16-->[androidx.core:core:1.12.0] AndroidManifest.xml:24:9-44
17
18    <uses-permission android:name="com.rfpiscinas.serviceorder.DYNAMIC_RECEIVER_NOT_EXPORTED_PERMISSION" />
18-->[androidx.core:core:1.12.0] AndroidManifest.xml:26:5-97
18-->[androidx.core:core:1.12.0] AndroidManifest.xml:26:22-94
19
20    <application
20-->src\main\AndroidManifest.xml:7:5-37:19
21        android:name="com.rfpiscinas.serviceorder.RFPiscinasApplication"
21-->src\main\AndroidManifest.xml:8:9-46
22        android:allowBackup="true"
22-->src\main\AndroidManifest.xml:9:9-35
23        android:appComponentFactory="androidx.core.app.CoreComponentFactory"
23-->[androidx.core:core:1.12.0] AndroidManifest.xml:28:18-86
24        android:debuggable="true"
25        android:extractNativeLibs="false"
26        android:icon="@drawable/ic_launcher"
26-->src\main\AndroidManifest.xml:10:9-45
27        android:label="@string/app_name"
27-->src\main\AndroidManifest.xml:11:9-41
28        android:roundIcon="@drawable/ic_launcher"
28-->src\main\AndroidManifest.xml:12:9-50
29        android:supportsRtl="true"
29-->src\main\AndroidManifest.xml:13:9-35
30        android:testOnly="true"
31        android:theme="@style/Theme.RFPiscinas"
31-->src\main\AndroidManifest.xml:14:9-48
32        android:usesCleartextTraffic="true" >
32-->src\main\AndroidManifest.xml:15:9-44
33        <provider
34            android:name="androidx.core.content.FileProvider"
34-->src\main\AndroidManifest.xml:18:13-62
35            android:authorities="com.rfpiscinas.serviceorder.provider"
35-->src\main\AndroidManifest.xml:19:13-60
36            android:exported="false"
36-->src\main\AndroidManifest.xml:20:13-37
37            android:grantUriPermissions="true" >
37-->src\main\AndroidManifest.xml:21:13-47
38            <meta-data
38-->src\main\AndroidManifest.xml:22:13-24:54
39                android:name="android.support.FILE_PROVIDER_PATHS"
39-->src\main\AndroidManifest.xml:23:17-67
40                android:resource="@xml/file_paths" />
40-->src\main\AndroidManifest.xml:24:17-51
41        </provider>
42
43        <activity
43-->src\main\AndroidManifest.xml:27:9-36:20
44            android:name="com.rfpiscinas.serviceorder.MainActivity"
44-->src\main\AndroidManifest.xml:28:13-41
45            android:exported="true"
45-->src\main\AndroidManifest.xml:29:13-36
46            android:theme="@style/Theme.RFPiscinas"
46-->src\main\AndroidManifest.xml:30:13-52
47            android:windowSoftInputMode="adjustResize" >
47-->src\main\AndroidManifest.xml:31:13-55
48            <intent-filter>
48-->src\main\AndroidManifest.xml:32:13-35:29
49                <action android:name="android.intent.action.MAIN" />
49-->src\main\AndroidManifest.xml:33:17-69
49-->src\main\AndroidManifest.xml:33:25-66
50
51                <category android:name="android.intent.category.LAUNCHER" />
51-->src\main\AndroidManifest.xml:34:17-77
51-->src\main\AndroidManifest.xml:34:27-74
52            </intent-filter>
53        </activity>
54        <activity
54-->[androidx.compose.ui:ui-tooling-android:1.6.1] AndroidManifest.xml:23:9-25:39
55            android:name="androidx.compose.ui.tooling.PreviewActivity"
55-->[androidx.compose.ui:ui-tooling-android:1.6.1] AndroidManifest.xml:24:13-71
56            android:exported="true" />
56-->[androidx.compose.ui:ui-tooling-android:1.6.1] AndroidManifest.xml:25:13-36
57        <activity
57-->[androidx.compose.ui:ui-test-manifest:1.6.1] AndroidManifest.xml:23:9-25:39
58            android:name="androidx.activity.ComponentActivity"
58-->[androidx.compose.ui:ui-test-manifest:1.6.1] AndroidManifest.xml:24:13-63
59            android:exported="true" />
59-->[androidx.compose.ui:ui-test-manifest:1.6.1] AndroidManifest.xml:25:13-36
60
61        <provider
61-->[androidx.emoji2:emoji2:1.3.0] AndroidManifest.xml:24:9-32:20
62            android:name="androidx.startup.InitializationProvider"
62-->[androidx.emoji2:emoji2:1.3.0] AndroidManifest.xml:25:13-67
63            android:authorities="com.rfpiscinas.serviceorder.androidx-startup"
63-->[androidx.emoji2:emoji2:1.3.0] AndroidManifest.xml:26:13-68
64            android:exported="false" >
64-->[androidx.emoji2:emoji2:1.3.0] AndroidManifest.xml:27:13-37
65            <meta-data
65-->[androidx.emoji2:emoji2:1.3.0] AndroidManifest.xml:29:13-31:52
66                android:name="androidx.emoji2.text.EmojiCompatInitializer"
66-->[androidx.emoji2:emoji2:1.3.0] AndroidManifest.xml:30:17-75
67                android:value="androidx.startup" />
67-->[androidx.emoji2:emoji2:1.3.0] AndroidManifest.xml:31:17-49
68            <meta-data
68-->[androidx.lifecycle:lifecycle-process:2.7.0] AndroidManifest.xml:29:13-31:52
69                android:name="androidx.lifecycle.ProcessLifecycleInitializer"
69-->[androidx.lifecycle:lifecycle-process:2.7.0] AndroidManifest.xml:30:17-78
70                android:value="androidx.startup" />
70-->[androidx.lifecycle:lifecycle-process:2.7.0] AndroidManifest.xml:31:17-49
71            <meta-data
71-->[androidx.profileinstaller:profileinstaller:1.3.0] AndroidManifest.xml:29:13-31:52
72                android:name="androidx.profileinstaller.ProfileInstallerInitializer"
72-->[androidx.profileinstaller:profileinstaller:1.3.0] AndroidManifest.xml:30:17-85
73                android:value="androidx.startup" />
73-->[androidx.profileinstaller:profileinstaller:1.3.0] AndroidManifest.xml:31:17-49
74        </provider>
75
76        <service
76-->[androidx.room:room-runtime:2.6.1] AndroidManifest.xml:24:9-28:63
77            android:name="androidx.room.MultiInstanceInvalidationService"
77-->[androidx.room:room-runtime:2.6.1] AndroidManifest.xml:25:13-74
78            android:directBootAware="true"
78-->[androidx.room:room-runtime:2.6.1] AndroidManifest.xml:26:13-43
79            android:exported="false" />
79-->[androidx.room:room-runtime:2.6.1] AndroidManifest.xml:27:13-37
80
81        <receiver
81-->[androidx.profileinstaller:profileinstaller:1.3.0] AndroidManifest.xml:34:9-52:20
82            android:name="androidx.profileinstaller.ProfileInstallReceiver"
82-->[androidx.profileinstaller:profileinstaller:1.3.0] AndroidManifest.xml:35:13-76
83            android:directBootAware="false"
83-->[androidx.profileinstaller:profileinstaller:1.3.0] AndroidManifest.xml:36:13-44
84            android:enabled="true"
84-->[androidx.profileinstaller:profileinstaller:1.3.0] AndroidManifest.xml:37:13-35
85            android:exported="true"
85-->[androidx.profileinstaller:profileinstaller:1.3.0] AndroidManifest.xml:38:13-36
86            android:permission="android.permission.DUMP" >
86-->[androidx.profileinstaller:profileinstaller:1.3.0] AndroidManifest.xml:39:13-57
87            <intent-filter>
87-->[androidx.profileinstaller:profileinstaller:1.3.0] AndroidManifest.xml:40:13-42:29
88                <action android:name="androidx.profileinstaller.action.INSTALL_PROFILE" />
88-->[androidx.profileinstaller:profileinstaller:1.3.0] AndroidManifest.xml:41:17-91
88-->[androidx.profileinstaller:profileinstaller:1.3.0] AndroidManifest.xml:41:25-88
89            </intent-filter>
90            <intent-filter>
90-->[androidx.profileinstaller:profileinstaller:1.3.0] AndroidManifest.xml:43:13-45:29
91                <action android:name="androidx.profileinstaller.action.SKIP_FILE" />
91-->[androidx.profileinstaller:profileinstaller:1.3.0] AndroidManifest.xml:44:17-85
91-->[androidx.profileinstaller:profileinstaller:1.3.0] AndroidManifest.xml:44:25-82
92            </intent-filter>
93            <intent-filter>
93-->[androidx.profileinstaller:profileinstaller:1.3.0] AndroidManifest.xml:46:13-48:29
94                <action android:name="androidx.profileinstaller.action.SAVE_PROFILE" />
94-->[androidx.profileinstaller:profileinstaller:1.3.0] AndroidManifest.xml:47:17-88
94-->[androidx.profileinstaller:profileinstaller:1.3.0] AndroidManifest.xml:47:25-85
95            </intent-filter>
96            <intent-filter>
96-->[androidx.profileinstaller:profileinstaller:1.3.0] AndroidManifest.xml:49:13-51:29
97                <action android:name="androidx.profileinstaller.action.BENCHMARK_OPERATION" />
97-->[androidx.profileinstaller:profileinstaller:1.3.0] AndroidManifest.xml:50:17-95
97-->[androidx.profileinstaller:profileinstaller:1.3.0] AndroidManifest.xml:50:25-92
98            </intent-filter>
99        </receiver>
100    </application>
101
102</manifest>